<?xml version="1.0" encoding="UTF-8"?>
<testsuite xmlns:xsi="http://www.w3.org/2001/XMLSchema-instance" xsi:noNamespaceSchemaLocation="https://maven.apache.org/surefire/maven-surefire-plugin/xsd/surefire-test-report-3.0.xsd" version="3.0" name="com.ecommerce.OrderRelationsTest" time="9.357" tests="10" errors="0" skipped="0" failures="0">
  <properties>
[...]
</properties>
  <testcase name="entityGraph_debeCargaDetallesCompletos" classname="com.ecommerce.OrderRelationsTest" time="0.971">
    <system-out><![CDATA[02:57:44.830 [main] INFO org.springframework.test.context.support.AnnotationConfigContextLoaderUtils -- Could not detect default configuration classes for test class [com.ecommerce.OrderRelationsTest]: OrderRelationsTest does not declare any static, non-private, non-final, nested classes annotated with @Configuration.
02:57:45.200 [main] INFO org.springframework.boot.test.context.SpringBootTestContextBootstrapper -- Found @SpringBootConfiguration com.ecommerce.Sesion2Application for test class com.ecommerce.OrderRelationsTest
  .   ____          _            __ _ _
 /\\ / ___'_ __ _ _(_)_ __  __ _ \ \ \ \
( ( )\___ | '_ | '_| | '_ \/ _` | \ \ \ \
 \\/  ___)| |_)| | | | | || (_| |  ) ) ) )
  '  |____| .__|_| |_|_| |_\__, | / / / /
 =========|_|==============|___/=/_/_/_/

 :: Spring Boot ::                (v3.3.0)

2026-06-08T02:57:46.040-05:00  INFO 2220 --- [           main] com.ecommerce.OrderRelationsTest         : Starting OrderRelationsTest using Java 22.0.2 with PID 2220 (started by nike_ in E:\TECSUP\G16\PRUEBA\sesion2-relaciones)
2026-06-08T02:57:46.041-05:00  INFO 2220 --- [           main] com.ecommerce.OrderRelationsTest         : No active profile set, falling back to 1 default profile: "default"
2026-06-08T02:57:46.791-05:00  INFO 2220 --- [           main] .s.d.r.c.RepositoryConfigurationDelegate : Bootstrapping Spring Data JPA repositories in DEFAULT mode.
2026-06-08T02:57:46.987-05:00  INFO 2220 --- [           main] .s.d.r.c.RepositoryConfigurationDelegate : Finished Spring Data repository scanning in 173 ms. Found 3 JPA repository interfaces.
2026-06-08T02:57:47.080-05:00  INFO 2220 --- [           main] beddedDataSourceBeanFactoryPostProcessor : Replacing 'dataSource' DataSource bean with embedded version
2026-06-08T02:57:47.332-05:00  INFO 2220 --- [           main] o.s.j.d.e.EmbeddedDatabaseFactory        : Starting embedded database: url='jdbc:h2:mem:88b8783a-a951-458c-8243-0e5d1520413b;DB_CLOSE_DELAY=-1;DB_CLOSE_ON_EXIT=false', username='sa'
2026-06-08T02:57:48.040-05:00  INFO 2220 --- [           main] o.hibernate.jpa.internal.util.LogHelper  : HHH000204: Processing PersistenceUnitInfo [name: default]
2026-06-08T02:57:48.153-05:00  INFO 2220 --- [           main] org.hibernate.Version                    : HHH000412: Hibernate ORM core version 6.5.2.Final
2026-06-08T02:57:48.218-05:00  INFO 2220 --- [           main] o.h.c.internal.RegionFactoryInitiator    : HHH000026: Second-level cache disabled
2026-06-08T02:57:48.795-05:00  INFO 2220 --- [           main] o.s.o.j.p.SpringPersistenceUnitInfo      : No LoadTimeWeaver setup: ignoring JPA class transformer
2026-06-08T02:57:48.907-05:00  WARN 2220 --- [           main] org.hibernate.orm.deprecation            : HHH90000025: H2Dialect does not need to be specified explicitly using 'hibernate.dialect' (remove the property setting and it will be selected by default)
2026-06-08T02:57:50.648-05:00  INFO 2220 --- [           main] o.h.e.t.j.p.i.JtaPlatformInitiator       : HHH000489: No JTA platform available (set 'hibernate.transaction.jta.platform' to enable JTA platform integration)
Hibernate: 
    drop table if exists customers cascade 
Hibernate: 
    drop table if exists order_items cascade 
Hibernate: 
    drop table if exists orders cascade 
Hibernate: 
    drop table if exists products cascade 
Hibernate: 
    create table customers (
        vip boolean not null,
        id bigint generated by default as identity,
        name varchar(150) not null,
        address varchar(500),
        email varchar(255) not null unique,
        primary key (id)
    )
Hibernate: 
    create table order_items (
        quantity integer not null,
        unit_price float(53) not null,
        id bigint generated by default as identity,
        order_id bigint not null,
        product_id bigint not null,
        primary key (id)
    )
Hibernate: 
    create table orders (
        total float(53) not null,
        created_at timestamp(6) not null,
        customer_id bigint not null,
        id bigint generated by default as identity,
        status enum ('CANCELLED','DELIVERED','PAID','PENDING','SHIPPED') not null,
        primary key (id)
    )
Hibernate: 
    create table products (
        price float(53) not null,
        stock integer not null,
        id bigint generated by default as identity,
        name varchar(200) not null,
        category enum ('CLOTHING','ELECTRONICS','FOOD','SPORTS') not null,
        primary key (id)
    )
Hibernate: 
    alter table if exists order_items 
       add constraint FKbioxgbv59vetrxe0ejfubep1w 
       foreign key (order_id) 
       references orders
Hibernate: 
    alter table if exists order_items 
       add constraint FKocimc7dtr037rh4ls4l95nlfi 
       foreign key (product_id) 
       references products
Hibernate: 
    alter table if exists orders 
       add constraint FKpxtb8awmi0dk6smoh2vp1litg 
       foreign key (customer_id) 
       references customers
2026-06-08T02:57:50.763-05:00  INFO 2220 --- [           main] j.LocalContainerEntityManagerFactoryBean : Initialized JPA EntityManagerFactory for persistence unit 'default'
2026-06-08T02:57:51.317-05:00  INFO 2220 --- [           main] o.s.d.j.r.query.QueryEnhancerFactory     : Hibernate is in classpath; If applicable, HQL parser will be used.
2026-06-08T02:57:52.507-05:00  INFO 2220 --- [           main] com.ecommerce.OrderRelationsTest         : Started OrderRelationsTest in 7.173 seconds (process running for 9.363)
Hibernate: 
    insert 
    into
        customers
        (address, email, name, vip, id) 
    values
        (?, ?, ?, ?, default)
Hibernate: 
    insert 
    into
        customers
        (address, email, name, vip, id) 
    values
        (?, ?, ?, ?, default)
Hibernate: 
    insert 
    into
        products
        (category, name, price, stock, id) 
    values
        (?, ?, ?, ?, default)
Hibernate: 
    insert 
    into
        products
        (category, name, price, stock, id) 
    values
        (?, ?, ?, ?, default)
Hibernate: 
    insert 
    into
        products
        (category, name, price, stock, id) 
    values
        (?, ?, ?, ?, default)
Hibernate: 
    insert 
    into
        orders
        (created_at, customer_id, status, total, id) 
    values
        (?, ?, ?, ?, default)
Hibernate: 
    insert 
    into
        order_items
        (order_id, product_id, quantity, unit_price, id) 
    values
        (?, ?, ?, ?, default)
Hibernate: 
    insert 
    into
        order_items
        (order_id, product_id, quantity, unit_price, id) 
    values
        (?, ?, ?, ?, default)
Hibernate: 
    select
        o1_0.id,
        o1_0.created_at,
        o1_0.customer_id,
        c1_0.id,
        c1_0.address,
        c1_0.email,
        c1_0.name,
        c1_0.vip,
        i1_0.order_id,
        i1_0.id,
        i1_0.product_id,
        p1_0.id,
        p1_0.category,
        p1_0.name,
        p1_0.price,
        p1_0.stock,
        i1_0.quantity,
        i1_0.unit_price,
        o1_0.status,
        o1_0.total 
    from
        orders o1_0 
    join
        customers c1_0 
            on c1_0.id=o1_0.customer_id 
    left join
        order_items i1_0 
            on o1_0.id=i1_0.order_id 
    left join
        products p1_0 
            on p1_0.id=i1_0.product_id 
    where
        o1_0.id=?
]]></system-out>
    <system-err><![CDATA[WARNING: A Java agent has been loaded dynamically (C:\Users\nike_\.m2\repository\net\bytebuddy\byte-buddy-agent\1.14.16\byte-buddy-agent-1.14.16.jar)
WARNING: If a serviceability tool is in use, please run with -XX:+EnableDynamicAgentLoading to hide this warning
WARNING: If a serviceability tool is not in use, please run with -Djdk.instrument.traceUsage for more information
WARNING: Dynamic loading of agents will be disallowed by default in a future release
]]></system-err>
  </testcase>
  <testcase name="total_debeRecalcularseAlAgregarItems" classname="com.ecommerce.OrderRelationsTest" time="0.023">
    <system-out><![CDATA[Hibernate: 
    insert 
    into
        customers
        (address, email, name, vip, id) 
    values
        (?, ?, ?, ?, default)
Hibernate: 
    insert 
    into
        customers
        (address, email, name, vip, id) 
    values
        (?, ?, ?, ?, default)
Hibernate: 
    insert 
    into
        products
        (category, name, price, stock, id) 
    values
        (?, ?, ?, ?, default)
Hibernate: 
    insert 
    into
        products
        (category, name, price, stock, id) 
    values
        (?, ?, ?, ?, default)
Hibernate: 
    insert 
    into
        products
        (category, name, price, stock, id) 
    values
        (?, ?, ?, ?, default)
]]></system-out>
  </testcase>
  <testcase name="joinFetch_debeCargaCustomerEnUnaQuery" classname="com.ecommerce.OrderRelationsTest" time="0.023">
    <system-out><![CDATA[Hibernate: 
    insert 
    into
        customers
        (address, email, name, vip, id) 
    values
        (?, ?, ?, ?, default)
Hibernate: 
    insert 
    into
        customers
        (address, email, name, vip, id) 
    values
        (?, ?, ?, ?, default)
Hibernate: 
    insert 
    into
        products
        (category, name, price, stock, id) 
    values
        (?, ?, ?, ?, default)
Hibernate: 
    insert 
    into
        products
        (category, name, price, stock, id) 
    values
        (?, ?, ?, ?, default)
Hibernate: 
    insert 
    into
        products
        (category, name, price, stock, id) 
    values
        (?, ?, ?, ?, default)
Hibernate: 
    insert 
    into
        orders
        (created_at, customer_id, status, total, id) 
    values
        (?, ?, ?, ?, default)
Hibernate: 
    insert 
    into
        orders
        (created_at, customer_id, status, total, id) 
    values
        (?, ?, ?, ?, default)
Hibernate: 
    select
        o1_0.id,
        o1_0.created_at,
        o1_0.customer_id,
        c1_0.id,
        c1_0.address,
        c1_0.email,
        c1_0.name,
        c1_0.vip,
        o1_0.status,
        o1_0.total 
    from
        orders o1_0 
    join
        customers c1_0 
            on c1_0.id=o1_0.customer_id 
    where
        o1_0.status=?
]]></system-out>
  </testcase>
  <testcase name="jpql_groupBy_debeSumarVentasPorCliente" classname="com.ecommerce.OrderRelationsTest" time="0.038">
    <system-out><![CDATA[Hibernate: 
    insert 
    into
        customers
        (address, email, name, vip, id) 
    values
        (?, ?, ?, ?, default)
Hibernate: 
    insert 
    into
        customers
        (address, email, name, vip, id) 
    values
        (?, ?, ?, ?, default)
Hibernate: 
    insert 
    into
        products
        (category, name, price, stock, id) 
    values
        (?, ?, ?, ?, default)
Hibernate: 
    insert 
    into
        products
        (category, name, price, stock, id) 
    values
        (?, ?, ?, ?, default)
Hibernate: 
    insert 
    into
        products
        (category, name, price, stock, id) 
    values
        (?, ?, ?, ?, default)
Hibernate: 
    insert 
    into
        orders
        (created_at, customer_id, status, total, id) 
    values
        (?, ?, ?, ?, default)
Hibernate: 
    insert 
    into
        order_items
        (order_id, product_id, quantity, unit_price, id) 
    values
        (?, ?, ?, ?, default)
Hibernate: 
    insert 
    into
        orders
        (created_at, customer_id, status, total, id) 
    values
        (?, ?, ?, ?, default)
Hibernate: 
    insert 
    into
        order_items
        (order_id, product_id, quantity, unit_price, id) 
    values
        (?, ?, ?, ?, default)
Hibernate: 
    insert 
    into
        orders
        (created_at, customer_id, status, total, id) 
    values
        (?, ?, ?, ?, default)
Hibernate: 
    insert 
    into
        order_items
        (order_id, product_id, quantity, unit_price, id) 
    values
        (?, ?, ?, ?, default)
Hibernate: 
    select
        c1_0.name,
        sum(o1_0.total) 
    from
        orders o1_0 
    join
        customers c1_0 
            on c1_0.id=o1_0.customer_id 
    group by
        c1_0.id,
        c1_0.name 
    order by
        sum(o1_0.total) desc
]]></system-out>
  </testcase>
  <testcase name="orphanRemoval_debeEliminarItemHuerfano" classname="com.ecommerce.OrderRelationsTest" time="0.05">
    <system-out><![CDATA[Hibernate: 
    insert 
    into
        customers
        (address, email, name, vip, id) 
    values
        (?, ?, ?, ?, default)
Hibernate: 
    insert 
    into
        customers
        (address, email, name, vip, id) 
    values
        (?, ?, ?, ?, default)
Hibernate: 
    insert 
    into
        products
        (category, name, price, stock, id) 
    values
        (?, ?, ?, ?, default)
Hibernate: 
    insert 
    into
        products
        (category, name, price, stock, id) 
    values
        (?, ?, ?, ?, default)
Hibernate: 
    insert 
    into
        products
        (category, name, price, stock, id) 
    values
        (?, ?, ?, ?, default)
Hibernate: 
    insert 
    into
        orders
        (created_at, customer_id, status, total, id) 
    values
        (?, ?, ?, ?, default)
Hibernate: 
    insert 
    into
        order_items
        (order_id, product_id, quantity, unit_price, id) 
    values
        (?, ?, ?, ?, default)
Hibernate: 
    insert 
    into
        order_items
        (order_id, product_id, quantity, unit_price, id) 
    values
        (?, ?, ?, ?, default)
Hibernate: 
    select
        o1_0.id,
        o1_0.created_at,
        o1_0.customer_id,
        c1_0.id,
        c1_0.address,
        c1_0.email,
        c1_0.name,
        c1_0.vip,
        i1_0.order_id,
        i1_0.id,
        i1_0.product_id,
        p1_0.id,
        p1_0.category,
        p1_0.name,
        p1_0.price,
        p1_0.stock,
        i1_0.quantity,
        i1_0.unit_price,
        o1_0.status,
        o1_0.total 
    from
        orders o1_0 
    join
        customers c1_0 
            on c1_0.id=o1_0.customer_id 
    left join
        order_items i1_0 
            on o1_0.id=i1_0.order_id 
    left join
        products p1_0 
            on p1_0.id=i1_0.product_id 
    where
        o1_0.id=?
Hibernate: 
    update
        orders 
    set
        created_at=?,
        customer_id=?,
        status=?,
        total=? 
    where
        id=?
Hibernate: 
    delete 
    from
        order_items 
    where
        id=?
Hibernate: 
    select
        o1_0.id,
        o1_0.created_at,
        o1_0.customer_id,
        c1_0.id,
        c1_0.address,
        c1_0.email,
        c1_0.name,
        c1_0.vip,
        i1_0.order_id,
        i1_0.id,
        i1_0.product_id,
        p1_0.id,
        p1_0.category,
        p1_0.name,
        p1_0.price,
        p1_0.stock,
        i1_0.quantity,
        i1_0.unit_price,
        o1_0.status,
        o1_0.total 
    from
        orders o1_0 
    join
        customers c1_0 
            on c1_0.id=o1_0.customer_id 
    left join
        order_items i1_0 
            on o1_0.id=i1_0.order_id 
    left join
        products p1_0 
            on p1_0.id=i1_0.product_id 
    where
        o1_0.id=?
]]></system-out>
  </testcase>
  <testcase name="cascade_persist_debeGuardarItems" classname="com.ecommerce.OrderRelationsTest" time="0.025">
    <system-out><![CDATA[Hibernate: 
    insert 
    into
        customers
        (address, email, name, vip, id) 
    values
        (?, ?, ?, ?, default)
Hibernate: 
    insert 
    into
        customers
        (address, email, name, vip, id) 
    values
        (?, ?, ?, ?, default)
Hibernate: 
    insert 
    into
        products
        (category, name, price, stock, id) 
    values
        (?, ?, ?, ?, default)
Hibernate: 
    insert 
    into
        products
        (category, name, price, stock, id) 
    values
        (?, ?, ?, ?, default)
Hibernate: 
    insert 
    into
        products
        (category, name, price, stock, id) 
    values
        (?, ?, ?, ?, default)
Hibernate: 
    insert 
    into
        orders
        (created_at, customer_id, status, total, id) 
    values
        (?, ?, ?, ?, default)
Hibernate: 
    insert 
    into
        order_items
        (order_id, product_id, quantity, unit_price, id) 
    values
        (?, ?, ?, ?, default)
Hibernate: 
    insert 
    into
        order_items
        (order_id, product_id, quantity, unit_price, id) 
    values
        (?, ?, ?, ?, default)
Hibernate: 
    select
        o1_0.id,
        o1_0.created_at,
        o1_0.customer_id,
        c1_0.id,
        c1_0.address,
        c1_0.email,
        c1_0.name,
        c1_0.vip,
        i1_0.order_id,
        i1_0.id,
        i1_0.product_id,
        p1_0.id,
        p1_0.category,
        p1_0.name,
        p1_0.price,
        p1_0.stock,
        i1_0.quantity,
        i1_0.unit_price,
        o1_0.status,
        o1_0.total 
    from
        orders o1_0 
    join
        customers c1_0 
            on c1_0.id=o1_0.customer_id 
    left join
        order_items i1_0 
            on o1_0.id=i1_0.order_id 
    left join
        products p1_0 
            on p1_0.id=i1_0.product_id 
    where
        o1_0.id=?
]]></system-out>
  </testcase>
  <testcase name="modifying_debeCancelarPedidosAntiguos" classname="com.ecommerce.OrderRelationsTest" time="0.048">
    <system-out><![CDATA[Hibernate: 
    insert 
    into
        customers
        (address, email, name, vip, id) 
    values
        (?, ?, ?, ?, default)
Hibernate: 
    insert 
    into
        customers
        (address, email, name, vip, id) 
    values
        (?, ?, ?, ?, default)
Hibernate: 
    insert 
    into
        products
        (category, name, price, stock, id) 
    values
        (?, ?, ?, ?, default)
Hibernate: 
    insert 
    into
        products
        (category, name, price, stock, id) 
    values
        (?, ?, ?, ?, default)
Hibernate: 
    insert 
    into
        products
        (category, name, price, stock, id) 
    values
        (?, ?, ?, ?, default)
Hibernate: 
    insert 
    into
        orders
        (created_at, customer_id, status, total, id) 
    values
        (?, ?, ?, ?, default)
Hibernate: 
    insert 
    into
        orders
        (created_at, customer_id, status, total, id) 
    values
        (?, ?, ?, ?, default)
Hibernate: 
    update
        orders o1_0 
    set
        status='CANCELLED' 
    where
        o1_0.status='PENDING' 
        and o1_0.created_at<?
Hibernate: 
    select
        o1_0.id,
        o1_0.created_at,
        o1_0.customer_id,
        o1_0.status,
        o1_0.total 
    from
        orders o1_0 
    where
        o1_0.id=?
Hibernate: 
    select
        o1_0.id,
        o1_0.created_at,
        o1_0.customer_id,
        o1_0.status,
        o1_0.total 
    from
        orders o1_0 
    where
        o1_0.id=?
]]></system-out>
  </testcase>
  <testcase name="entityGraph_debeCargaCustomerSinN1" classname="com.ecommerce.OrderRelationsTest" time="0.023">
    <system-out><![CDATA[Hibernate: 
    insert 
    into
        customers
        (address, email, name, vip, id) 
    values
        (?, ?, ?, ?, default)
Hibernate: 
    insert 
    into
        customers
        (address, email, name, vip, id) 
    values
        (?, ?, ?, ?, default)
Hibernate: 
    insert 
    into
        products
        (category, name, price, stock, id) 
    values
        (?, ?, ?, ?, default)
Hibernate: 
    insert 
    into
        products
        (category, name, price, stock, id) 
    values
        (?, ?, ?, ?, default)
Hibernate: 
    insert 
    into
        products
        (category, name, price, stock, id) 
    values
        (?, ?, ?, ?, default)
Hibernate: 
    insert 
    into
        orders
        (created_at, customer_id, status, total, id) 
    values
        (?, ?, ?, ?, default)
Hibernate: 
    insert 
    into
        orders
        (created_at, customer_id, status, total, id) 
    values
        (?, ?, ?, ?, default)
Hibernate: 
    select
        o1_0.id,
        o1_0.created_at,
        o1_0.customer_id,
        c1_0.id,
        c1_0.address,
        c1_0.email,
        c1_0.name,
        c1_0.vip,
        o1_0.status,
        o1_0.total 
    from
        orders o1_0 
    join
        customers c1_0 
            on c1_0.id=o1_0.customer_id 
    where
        o1_0.status=?
]]></system-out>
  </testcase>
  <testcase name="manyToOne_debeCrearFKEnOrders" classname="com.ecommerce.OrderRelationsTest" time="0.021">
    <system-out><![CDATA[Hibernate: 
    insert 
    into
        customers
        (address, email, name, vip, id) 
    values
        (?, ?, ?, ?, default)
Hibernate: 
    insert 
    into
        customers
        (address, email, name, vip, id) 
    values
        (?, ?, ?, ?, default)
Hibernate: 
    insert 
    into
        products
        (category, name, price, stock, id) 
    values
        (?, ?, ?, ?, default)
Hibernate: 
    insert 
    into
        products
        (category, name, price, stock, id) 
    values
        (?, ?, ?, ?, default)
Hibernate: 
    insert 
    into
        products
        (category, name, price, stock, id) 
    values
        (?, ?, ?, ?, default)
Hibernate: 
    insert 
    into
        orders
        (created_at, customer_id, status, total, id) 
    values
        (?, ?, ?, ?, default)
Hibernate: 
    insert 
    into
        order_items
        (order_id, product_id, quantity, unit_price, id) 
    values
        (?, ?, ?, ?, default)
Hibernate: 
    select
        o1_0.id,
        o1_0.created_at,
        o1_0.customer_id,
        o1_0.status,
        o1_0.total 
    from
        orders o1_0 
    where
        o1_0.id=?
]]></system-out>
  </testcase>
  <testcase name="subquery_debeDetectarProductosSinPedidos" classname="com.ecommerce.OrderRelationsTest" time="0.021">
    <system-out><![CDATA[Hibernate: 
    insert 
    into
        customers
        (address, email, name, vip, id) 
    values
        (?, ?, ?, ?, default)
Hibernate: 
    insert 
    into
        customers
        (address, email, name, vip, id) 
    values
        (?, ?, ?, ?, default)
Hibernate: 
    insert 
    into
        products
        (category, name, price, stock, id) 
    values
        (?, ?, ?, ?, default)
Hibernate: 
    insert 
    into
        products
        (category, name, price, stock, id) 
    values
        (?, ?, ?, ?, default)
Hibernate: 
    insert 
    into
        products
        (category, name, price, stock, id) 
    values
        (?, ?, ?, ?, default)
Hibernate: 
    insert 
    into
        orders
        (created_at, customer_id, status, total, id) 
    values
        (?, ?, ?, ?, default)
Hibernate: 
    insert 
    into
        order_items
        (order_id, product_id, quantity, unit_price, id) 
    values
        (?, ?, ?, ?, default)
Hibernate: 
    insert 
    into
        order_items
        (order_id, product_id, quantity, unit_price, id) 
    values
        (?, ?, ?, ?, default)
Hibernate: 
    select
        p1_0.id,
        p1_0.category,
        p1_0.name,
        p1_0.price,
        p1_0.stock 
    from
        products p1_0 
    where
        p1_0.id not in (select
            distinct oi1_0.product_id 
        from
            order_items oi1_0)
]]></system-out>
  </testcase>
</testsuite>